C51 COMPILER V9.52.0.0   DETECTSPEED                                                       09/08/2023 22:27:15 PAGE 1   


C51 COMPILER V9.52.0.0, COMPILATION OF MODULE DETECTSPEED
OBJECT MODULE PLACED IN detectSpeed.OBJ
COMPILER INVOKED BY: D:\Program Files (x86)\keilc51\C51\BIN\C51.EXE detectSpeed.c BROWSE DEBUG OBJECTEXTEND TABS(2)

line level    source

   1          #include "detectSpeed.h"
   2          #include "reg52.h"
   3          
   4          int count = 0;
   5          int overflow = 0;
   6          int speed;
   7          int speedCount;
   8          
   9          void initExt0() {
  10   1        EX0 = 1;
  11   1        EA = 1;
  12   1        IT0 = 1;
  13   1      }
  14          
  15          /*
  16          // ¼ÆÊ±1s
  17          void timer0_pwm() interrupt 1 {
  18            count ++;
  19            TL0 = 0X33;
  20            TH0 = 0XFE;
  21            if (count == 2000) {
  22              overflow = 1;
  23              speed = speedCount;
  24              speedCount = 0;
  25              count = 0;
  26            }
  27          }
  28          
  29          */
  30          
  31          void ex0_handler() interrupt 0 {
  32   1        speedCount ++;
  33   1      }


MODULE INFORMATION:   STATIC OVERLAYABLE
   CODE SIZE        =     20    ----
   CONSTANT SIZE    =   ----    ----
   XDATA SIZE       =   ----    ----
   PDATA SIZE       =   ----    ----
   DATA SIZE        =      8    ----
   IDATA SIZE       =   ----    ----
   BIT SIZE         =   ----    ----
END OF MODULE INFORMATION.


C51 COMPILATION COMPLETE.  0 WARNING(S),  0 ERROR(S)
