C51 COMPILER V9.52.0.0   TIMER                                                             09/08/2023 22:27:15 PAGE 1   


C51 COMPILER V9.52.0.0, COMPILATION OF MODULE TIMER
OBJECT MODULE PLACED IN timer.OBJ
COMPILER INVOKED BY: D:\Program Files (x86)\keilc51\C51\BIN\C51.EXE timer.c BROWSE DEBUG OBJECTEXTEND TABS(2)

line level    source

   1          #include "reg52.h"
   2          #include "timer.h"
   3          #include "motor.h"
   4          
   5          int leftSpeed = Phase;
   6          int timer0Cnt = 0;
   7          
   8          int rightSpeed = Phase;
   9          int timer1Cnt = 0;
  10          
  11          void timer0Init() {
  12   1        TMOD &= 0XF0;
  13   1        TMOD |= 0X01;
  14   1        TL0 = 0X33;
  15   1        TH0 = 0XFE;
  16   1        TR0 = 1;
  17   1        ET0 = 1;
  18   1        EA = 1;
  19   1      }
  20          
  21          void timer1Init() {
  22   1        TMOD &= 0X0F;
  23   1        TMOD |= 0X10;
  24   1        TL1 = 0X33;
  25   1        TH1 = 0XFE;
  26   1        TR1 = 1;
  27   1        ET1 = 1;
  28   1        EA = 1;
  29   1      }
  30          
  31          // 未打开中断函数的定时器1（超声波测距在用）
  32          void timer1InitWithoutInterrupt() {
  33   1        TMOD &= 0X0F;
  34   1        TMOD |= 0X10;
  35   1        TL1 = 0;
  36   1        TH1 = 0;
  37   1      }
  38          
  39          /*
  40          void timer0_pwm() interrupt 1 {
  41            timer0Cnt ++;
  42            TL0 = 0X33;
  43            TH0 = 0XFE;
  44            if (timer0Cnt < leftSpeed) {
  45              leftForward();
  46            } else {
  47              leftStop();
  48            }
  49            if (timer0Cnt == Phase) {
  50              timer0Cnt = 0;
  51            }
  52          }
  53          
  54          void timer1_pwm() interrupt 3 {
  55            timer1Cnt ++;
C51 COMPILER V9.52.0.0   TIMER                                                             09/08/2023 22:27:15 PAGE 2   

  56            TL1 = 0X33;
  57            TH1 = 0XFE;
  58            if (timer1Cnt < rightSpeed) {
  59              rightForward();
  60            } else {
  61              rightStop();
  62            }
  63            if (timer1Cnt == Phase) {
  64              timer1Cnt = 0;
  65            }
  66          }
  67          */


MODULE INFORMATION:   STATIC OVERLAYABLE
   CODE SIZE        =     50    ----
   CONSTANT SIZE    =   ----    ----
   XDATA SIZE       =   ----    ----
   PDATA SIZE       =   ----    ----
   DATA SIZE        =      8    ----
   IDATA SIZE       =   ----    ----
   BIT SIZE         =   ----    ----
END OF MODULE INFORMATION.


C51 COMPILATION COMPLETE.  0 WARNING(S),  0 ERROR(S)
