C51 COMPILER V9.52.0.0   SG90                                                              09/07/2023 16:21:15 PAGE 1   


C51 COMPILER V9.52.0.0, COMPILATION OF MODULE SG90
OBJECT MODULE PLACED IN sg90.OBJ
COMPILER INVOKED BY: D:\Program Files (x86)\keilc51\C51\BIN\C51.EXE sg90.c BROWSE DEBUG OBJECTEXTEND TABS(2)

line level    source

   1          #include "reg52.h"
   2          #include "sg90.h"
   3          
   4          int cnt = 0;
   5          int phase = 1;
   6          sbit pulse = P1^1; // sg90 signal
   7          
   8          void reset() {
   9   1        cnt = 0;
  10   1        //TL0 = 0;
  11   1        //TH0 = 0;
  12   1      }
  13          
  14          void sg90Init() {
  15   1        TMOD &= 0XF0;
  16   1        TMOD |= 0X01;
  17   1        TL0 = 0X33;
  18   1        TH0 = 0XFE;
  19   1        TR0 = 1;
  20   1        ET0 = 1;
  21   1        EA = 1;
  22   1      }
  23          
  24          void turn0degree() {
  25   1        phase = 1;
  26   1        reset();
  27   1      }
  28          
  29          void turn90degree() {
  30   1        reset();
  31   1        phase = 3;
  32   1      }
  33          
  34          void turn180degree() {
  35   1        phase = 5;
  36   1        reset();
  37   1      }
  38          
  39          void timer0_pwm() interrupt 1 {
  40   1        cnt ++;
  41   1        TL0 = 0X33;
  42   1        TH0 = 0XFE;
  43   1        if (cnt < phase) {
  44   2          pulse = 1;
  45   2        } else {
  46   2          pulse = 0;
  47   2        }
  48   1        if (cnt == 40) {
  49   2          pulse = 1;
  50   2          cnt = 0;
  51   2        }
  52   1      }


MODULE INFORMATION:   STATIC OVERLAYABLE
C51 COMPILER V9.52.0.0   SG90                                                              09/07/2023 16:21:15 PAGE 2   

   CODE SIZE        =    120    ----
   CONSTANT SIZE    =   ----    ----
   XDATA SIZE       =   ----    ----
   PDATA SIZE       =   ----    ----
   DATA SIZE        =      4    ----
   IDATA SIZE       =   ----    ----
   BIT SIZE         =   ----    ----
END OF MODULE INFORMATION.


C51 COMPILATION COMPLETE.  0 WARNING(S),  0 ERROR(S)
