C51 COMPILER V9.52.0.0   DETECTSPEED                                                       09/07/2023 22:04:55 PAGE 1   


C51 COMPILER V9.52.0.0, COMPILATION OF MODULE DETECTSPEED
OBJECT MODULE PLACED IN detectSpeed.OBJ
COMPILER INVOKED BY: D:\Program Files (x86)\keilc51\C51\BIN\C51.EXE detectSpeed.c BROWSE DEBUG OBJECTEXTEND TABS(2)

line level    source

   1          #include "detectSpeed.h"
   2          #include "reg52.h"
   3          
   4          int count = 0;
   5          int overflow = 0;
   6          int speed;
   7          int speedCount;
   8          
   9          void initExt0() {
  10   1        EX0 = 1;
  11   1        EA = 1;
  12   1        IT0 = 1;
  13   1      }
  14          
  15          // ¼ÆÊ±1s
  16          void timer0_pwm() interrupt 1 {
  17   1        count ++;
  18   1        TL0 = 0X33;
  19   1        TH0 = 0XFE;
  20   1        if (count == 2000) {
  21   2          overflow = 1;
  22   2          speed = speedCount;
  23   2          speedCount = 0;
  24   2          count = 0;
  25   2        }
  26   1      }
  27          
  28          void ex0_handler() interrupt 0 {
  29   1        speedCount ++;
  30   1      }


MODULE INFORMATION:   STATIC OVERLAYABLE
   CODE SIZE        =     77    ----
   CONSTANT SIZE    =   ----    ----
   XDATA SIZE       =   ----    ----
   PDATA SIZE       =   ----    ----
   DATA SIZE        =      8    ----
   IDATA SIZE       =   ----    ----
   BIT SIZE         =   ----    ----
END OF MODULE INFORMATION.


C51 COMPILATION COMPLETE.  0 WARNING(S),  0 ERROR(S)
