C51 COMPILER V9.52.0.0   HC04                                                              09/07/2023 22:04:55 PAGE 1   


C51 COMPILER V9.52.0.0, COMPILATION OF MODULE HC04
OBJECT MODULE PLACED IN hc04.OBJ
COMPILER INVOKED BY: D:\Program Files (x86)\keilc51\C51\BIN\C51.EXE hc04.c BROWSE DEBUG OBJECTEXTEND TABS(2)

line level    source

   1          #include "hc04.h"
   2          #include "reg52.h"
   3          #include "time.h"
   4          
   5          sbit trig = P2^3; // 超声波触发引脚
   6          sbit echo = P2^2; // 超声波回应引脚
   7          
   8          
   9          // 声波使用timer 1
  10          void initTimer1() {
  11   1        TMOD &= 0X0F;
  12   1        TMOD |= 0X10;
  13   1        TL1 = 0;
  14   1        TH1 = 0;
  15   1      }
  16          
  17          /*
  18          void uart_init() {
  19            TMOD &= 0X0F;
  20            TMOD |= 0X20;
  21            SCON = 0X40;
  22            TH1 = 0XFD;
  23            TL1 = 0XFD;
  24            TR1 = 1;
  25          }
  26          
  27          */
  28          
  29          // 保持10us高电平
  30          void trigWave() {
  31   1        trig = 0;
  32   1        trig = 1;
  33   1        Delay10us();
  34   1        trig = 0;
  35   1      }
  36          
  37          void startUltrasonicWave() {
  38   1        trigWave();
  39   1        while(echo == 0);
  40   1        TR1 = 1;
  41   1        while(echo == 1);
  42   1        TR1= 0;
  43   1      }
  44          
  45          double getDistance() {
  46   1        return (TH1 * 256 + TL1) * 1.085 * 0.017;
  47   1      }
  48          
  49          double getDistanceByUltrasonicWave() {
  50   1        TH1 = 0;
  51   1        TL1 = 0;
  52   1        startUltrasonicWave();
  53   1        return getDistance();
  54   1      }
  55          
C51 COMPILER V9.52.0.0   HC04                                                              09/07/2023 22:04:55 PAGE 2   

  56          
  57          
  58          
  59          


MODULE INFORMATION:   STATIC OVERLAYABLE
   CODE SIZE        =     78    ----
   CONSTANT SIZE    =   ----    ----
   XDATA SIZE       =   ----    ----
   PDATA SIZE       =   ----    ----
   DATA SIZE        =   ----    ----
   IDATA SIZE       =   ----    ----
   BIT SIZE         =   ----    ----
END OF MODULE INFORMATION.


C51 COMPILATION COMPLETE.  0 WARNING(S),  0 ERROR(S)
