C51 COMPILER V9.52.0.0   TIME                                                              09/07/2023 22:04:55 PAGE 1   


C51 COMPILER V9.52.0.0, COMPILATION OF MODULE TIME
OBJECT MODULE PLACED IN time.OBJ
COMPILER INVOKED BY: D:\Program Files (x86)\keilc51\C51\BIN\C51.EXE time.c BROWSE DEBUG OBJECTEXTEND TABS(2)

line level    source

   1          #include "time.h"
   2          #include <intrins.h>
   3          
   4          void Delay10us()    //@11.0592MHz
   5          {
   6   1        unsigned char i;
   7   1      
   8   1        i = 2;
   9   1        while (--i);
  10   1      }
  11          
  12          void Delay200ms()   //@11.0592MHz
  13          {
  14   1        unsigned char i, j, k;
  15   1      
  16   1        _nop_();
  17   1        i = 2;
  18   1        j = 103;
  19   1        k = 147;
  20   1        do
  21   1        {
  22   2          do
  23   2          {
  24   3            while (--k);
  25   3          } while (--j);
  26   2        } while (--i);
  27   1      }
  28          
  29          void Delay150ms()   //@11.0592MHz
  30          {
  31   1        unsigned char i, j, k;
  32   1      
  33   1        _nop_();
  34   1        i = 2;
  35   1        j = 13;
  36   1        k = 237;
  37   1        do
  38   1        {
  39   2          do
  40   2          {
  41   3            while (--k);
  42   3          } while (--j);
  43   2        } while (--i);
  44   1      }
  45          
  46          void Delay300ms()   //@11.0592MHz
  47          {
  48   1        unsigned char i, j, k;
  49   1      
  50   1        _nop_();
  51   1        i = 3;
  52   1        j = 26;
  53   1        k = 223;
  54   1        do
  55   1        {
C51 COMPILER V9.52.0.0   TIME                                                              09/07/2023 22:04:55 PAGE 2   

  56   2          do
  57   2          {
  58   3            while (--k);
  59   3          } while (--j);
  60   2        } while (--i);
  61   1      }
  62          


MODULE INFORMATION:   STATIC OVERLAYABLE
   CODE SIZE        =     47    ----
   CONSTANT SIZE    =   ----    ----
   XDATA SIZE       =   ----    ----
   PDATA SIZE       =   ----    ----
   DATA SIZE        =   ----    ----
   IDATA SIZE       =   ----    ----
   BIT SIZE         =   ----    ----
END OF MODULE INFORMATION.


C51 COMPILATION COMPLETE.  0 WARNING(S),  0 ERROR(S)
