C51 COMPILER V9.52.0.0   LCD                                                               09/04/2023 12:36:59 PAGE 1   


C51 COMPILER V9.52.0.0, COMPILATION OF MODULE LCD
OBJECT MODULE PLACED IN LCD.OBJ
COMPILER INVOKED BY: D:\Program Files (x86)\keilc51\C51\BIN\C51.EXE LCD.c BROWSE DEBUG OBJECTEXTEND TABS(2)

line level    source

   1          
   2          #include "LCD.h"
   3          #include "reg52.h"
   4          #include "time.h"
   5          #include <intrins.h>
   6          
   7          sbit RS = P1^0;
   8          sbit RW = P1^1;
   9          sbit EN = P1^4;
  10          
  11          // ????
  12          void busy_check() {
  13   1        char temp = 0x80;
  14   1        P0 = 0X80;
  15   1        while(temp & 0x80) {
  16   2          RS = 0;
  17   2          RW = 1;
  18   2          EN = 0;
  19   2          _nop_(); // tscp
  20   2          EN = 1;
  21   2          _nop_(); // td
  22   2          temp = P0;
  23   2          EN = 0;
  24   2        }
  25   1      }
  26          
  27          void write_cmd(char cmd) {
  28   1        busy_check();
  29   1        RS = 0; // §Õ???
  30   1        RW = 0;
  31   1        EN = 0;
  32   1        P0 = cmd;
  33   1        _nop_();
  34   1        _nop_();
  35   1        EN = 1;
  36   1        _nop_();
  37   1        EN = 0;
  38   1      }
  39          
  40          void write_data(char d) {
  41   1        busy_check();
  42   1        RS = 1;
  43   1        RW = 0;
  44   1        EN = 0;
  45   1        P0 = d;
  46   1        _nop_();
  47   1        EN = 1;
  48   1        _nop_();
  49   1        _nop_();
  50   1        EN = 0;;
  51   1      }
  52          
  53          void lcd_init() {
  54   1        
  55   1        
C51 COMPILER V9.52.0.0   LCD                                                               09/04/2023 12:36:59 PAGE 2   

  56   1        Delay15ms();
  57   1        write_cmd(0x38);
  58   1        Delay5ms();
  59   1        write_cmd(0x38);
  60   1        write_cmd(0x08);
  61   1        write_cmd(0x01);
  62   1        write_cmd(0x06);
  63   1        write_cmd(0x0c);
  64   1      }


MODULE INFORMATION:   STATIC OVERLAYABLE
   CODE SIZE        =    104    ----
   CONSTANT SIZE    =   ----    ----
   XDATA SIZE       =   ----    ----
   PDATA SIZE       =   ----    ----
   DATA SIZE        =   ----    ----
   IDATA SIZE       =   ----    ----
   BIT SIZE         =   ----    ----
END OF MODULE INFORMATION.


C51 COMPILATION COMPLETE.  0 WARNING(S),  0 ERROR(S)
