C51 COMPILER V9.52.0.0   TIME                                                              09/04/2023 12:23:05 PAGE 1   


C51 COMPILER V9.52.0.0, COMPILATION OF MODULE TIME
OBJECT MODULE PLACED IN time.OBJ
COMPILER INVOKED BY: D:\Program Files (x86)\keilc51\C51\BIN\C51.EXE time.c BROWSE DEBUG OBJECTEXTEND TABS(2)

line level    source

   1          #include "time.h"
   2          #include <intrins.h>
   3          
   4          void Delay15ms()    //@11.0592MHz
   5          {
   6   1        unsigned char i, j;
   7   1      
   8   1        i = 27;
   9   1        j = 226;
  10   1        do
  11   1        {
  12   2          while (--j);
  13   2        } while (--i);
  14   1      }
  15          
  16          void Delay5ms()   //@11.0592MHz
  17          {
  18   1        unsigned char i, j;
  19   1      
  20   1        i = 9;
  21   1        j = 244;
  22   1        do
  23   1        {
  24   2          while (--j);
  25   2        } while (--i);
  26   1      }
  27          
  28          void Delay1000ms()    //@11.0592MHz
  29          {
  30   1        unsigned char i, j, k;
  31   1      
  32   1        _nop_();
  33   1        i = 8;
  34   1        j = 1;
  35   1        k = 243;
  36   1        do
  37   1        {
  38   2          do
  39   2          {
  40   3            while (--k);
  41   3          } while (--j);
  42   2        } while (--i);
  43   1      }
  44          
  45          
  46          void delay_ms(int n) {
  47   1        int i, j;
  48   1        for(i = n; i > 0; i --) 
  49   1          for(j = 110; j > 0; j --);
  50   1      }
  51          
  52          void Delay60us()    //@11.0592MHz
  53          {
  54   1        unsigned char i;
  55   1      
C51 COMPILER V9.52.0.0   TIME                                                              09/04/2023 12:23:05 PAGE 2   

  56   1        i = 25;
  57   1        while (--i);
  58   1      }
  59          
  60          void Delay50us()    //@11.0592MHz
  61          {
  62   1        unsigned char i;
  63   1      
  64   1        _nop_();
  65   1        i = 20;
  66   1        while (--i);
  67   1      }
  68          
  69          
  70          void Delay40us()    //@11.0592MHz
  71          {
  72   1        unsigned char i;
  73   1      
  74   1        _nop_();
  75   1        i = 15;
  76   1        while (--i);
  77   1      }
  78          
  79          
  80          void Delay30ms()    //@11.0592MHz
  81          {
  82   1        unsigned char i, j;
  83   1      
  84   1        i = 54;
  85   1        j = 199;
  86   1        do
  87   1        {
  88   2          while (--j);
  89   2        } while (--i);
  90   1      }


MODULE INFORMATION:   STATIC OVERLAYABLE
   CODE SIZE        =     90    ----
   CONSTANT SIZE    =   ----    ----
   XDATA SIZE       =   ----    ----
   PDATA SIZE       =   ----    ----
   DATA SIZE        =   ----    ----
   IDATA SIZE       =   ----    ----
   BIT SIZE         =   ----    ----
END OF MODULE INFORMATION.


C51 COMPILATION COMPLETE.  0 WARNING(S),  0 ERROR(S)
