C51 COMPILER V9.52.0.0   HC04                                                              09/08/2023 22:27:15 PAGE 1   


C51 COMPILER V9.52.0.0, COMPILATION OF MODULE HC04
OBJECT MODULE PLACED IN hc04.OBJ
COMPILER INVOKED BY: D:\Program Files (x86)\keilc51\C51\BIN\C51.EXE hc04.c BROWSE DEBUG OBJECTEXTEND TABS(2)

line level    source

   1          #include "hc04.h"
   2          #include "reg52.h"
   3          #include "time.h"
   4          
   5          sbit trig = P2^3; // 超声波触发引脚
   6          sbit echo = P2^2; // 超声波回应引脚
   7          
   8          
   9          /*
  10          void uart_init() {
  11            TMOD &= 0X0F;
  12            TMOD |= 0X20;
  13            SCON = 0X40;
  14            TH1 = 0XFD;
  15            TL1 = 0XFD;
  16            TR1 = 1;
  17          }
  18          
  19          */
  20          
  21          // 保持10us高电平
  22          void trigWave() {
  23   1        trig = 0;
  24   1        trig = 1;
  25   1        Delay10us();
  26   1        trig = 0;
  27   1      }
  28          
  29          void startUltrasonicWave() {
  30   1        trigWave();
  31   1        while(echo == 0);
  32   1        TR1 = 1;
  33   1        while(echo == 1);
  34   1        TR1= 0;
  35   1      }
  36          
  37          double getDistance() {
  38   1        return (TH1 * 256 + TL1) * 1.085 * 0.017;
  39   1      }
  40          
  41          double getDistanceByUltrasonicWave() {
  42   1        TH1 = 0;
  43   1        TL1 = 0;
  44   1        startUltrasonicWave();
  45   1        return getDistance();
  46   1      }
  47          
  48          
  49          
  50          
  51          


MODULE INFORMATION:   STATIC OVERLAYABLE
   CODE SIZE        =     66    ----
C51 COMPILER V9.52.0.0   HC04                                                              09/08/2023 22:27:15 PAGE 2   

   CONSTANT SIZE    =   ----    ----
   XDATA SIZE       =   ----    ----
   PDATA SIZE       =   ----    ----
   DATA SIZE        =   ----    ----
   IDATA SIZE       =   ----    ----
   BIT SIZE         =   ----    ----
END OF MODULE INFORMATION.


C51 COMPILATION COMPLETE.  0 WARNING(S),  0 ERROR(S)
