C51 COMPILER V9.52.0.0   MAIN                                                              09/08/2023 22:27:15 PAGE 1   


C51 COMPILER V9.52.0.0, COMPILATION OF MODULE MAIN
OBJECT MODULE PLACED IN main.OBJ
COMPILER INVOKED BY: D:\Program Files (x86)\keilc51\C51\BIN\C51.EXE main.c BROWSE DEBUG OBJECTEXTEND TABS(2)

line level    source

   1          #include "reg52.h"
   2          #include "carFunction.h"
   3          #include "su03t.h"
   4          
   5          sbit led = P3^6;
   6          
   7          void main() {
   8   1        init();
   9   1        while(1) {
  10   2          switch (getMode()) {
  11   3            case tracingMode:
  12   3              traceing();
  13   3              break;
  14   3            case followMode:
  15   3              follow();
  16   3              break;
  17   3            case avoidMode:
  18   3              avoid();
  19   3              break;
  20   3            case stopMode:
  21   3              break;
  22   3          }
  23   2        }
  24   1      }
  25          
  26          
  27          


MODULE INFORMATION:   STATIC OVERLAYABLE
   CODE SIZE        =     32    ----
   CONSTANT SIZE    =   ----    ----
   XDATA SIZE       =   ----    ----
   PDATA SIZE       =   ----    ----
   DATA SIZE        =   ----    ----
   IDATA SIZE       =   ----    ----
   BIT SIZE         =   ----    ----
END OF MODULE INFORMATION.


C51 COMPILATION COMPLETE.  0 WARNING(S),  0 ERROR(S)
