C51 COMPILER V9.52.0.0   MAIN                                                              09/06/2023 23:24:45 PAGE 1   


C51 COMPILER V9.52.0.0, COMPILATION OF MODULE MAIN
OBJECT MODULE PLACED IN main.OBJ
COMPILER INVOKED BY: D:\Program Files (x86)\keilc51\C51\BIN\C51.EXE main.c BROWSE DEBUG OBJECTEXTEND TABS(2)

line level    source

   1          #include "reg52.h"
   2          #include <intrins.h>
   3          #include "UART.h"
   4          #include "timer.h"
   5          #include "motor.h"
   6          
   7          sbit leftTracing = P2^7;
   8          sbit rightTracing = P2^6;
   9          sbit leftIdentify = P2^5;
  10          sbit rightIdentify = P2^4;
  11          
  12          void trace() {
  13   1        timer0Init();
  14   1        timer1Init();
  15   1        //uart_init();
  16   1      
  17   1        
  18   1        while(1) {
  19   2          if(leftTracing == 0 && rightTracing == 0) {
  20   3            leftSpeed = Phase;
  21   3            rightSpeed = Phase-10;
  22   3            //forward();
  23   3          }
  24   2          
  25   2          if(leftTracing == 1 && rightTracing == 0) {
  26   3            leftSpeed = Phase - 70;
  27   3            rightSpeed = Phase;
  28   3            //leftward();
  29   3          } 
  30   2          
  31   2          if(leftTracing == 0 && rightTracing == 1) {
  32   3            leftSpeed = Phase;
  33   3            rightSpeed = Phase - 70;
  34   3            //rightward();
  35   3          }
  36   2          
  37   2          if(leftTracing == 1 && rightTracing == 1) {
  38   3            stop();
  39   3          }
  40   2          
  41   2        }
  42   1      }
  43          
  44          void main() {
  45   1        
  46   1        while(1) {
  47   2          if(leftIdentify == 0 && rightIdentify == 0) {
  48   3            forward();
  49   3          }
  50   2          
  51   2          if(leftIdentify == 1 && rightIdentify == 0) {
  52   3            rightward();
  53   3          } 
  54   2          
  55   2          if(leftIdentify == 0 && rightIdentify == 1) {
C51 COMPILER V9.52.0.0   MAIN                                                              09/06/2023 23:24:45 PAGE 2   

  56   3            leftward();
  57   3          }
  58   2          
  59   2          if(leftIdentify == 1 && rightIdentify == 1) {
  60   3            stop();
  61   3          }
  62   2          
  63   2        }
  64   1      }
  65          


MODULE INFORMATION:   STATIC OVERLAYABLE
   CODE SIZE        =    109    ----
   CONSTANT SIZE    =   ----    ----
   XDATA SIZE       =   ----    ----
   PDATA SIZE       =   ----    ----
   DATA SIZE        =   ----    ----
   IDATA SIZE       =   ----    ----
   BIT SIZE         =   ----    ----
END OF MODULE INFORMATION.


C51 COMPILATION COMPLETE.  0 WARNING(S),  0 ERROR(S)
