C51 COMPILER V9.52.0.0   MAIN                                                              09/03/2023 18:24:44 PAGE 1   


C51 COMPILER V9.52.0.0, COMPILATION OF MODULE MAIN
OBJECT MODULE PLACED IN main.OBJ
COMPILER INVOKED BY: D:\Program Files (x86)\keilc51\C51\BIN\C51.EXE main.c BROWSE DEBUG OBJECTEXTEND TABS(2)

line level    source

   1          #include "reg52.h"
   2          #include <intrins.h>
   3          #include <string.h>
   4          
   5          #define dataBuffer P0;
   6          
   7          sbit led = P3^7;
   8          sbit RS = P1^0;
   9          sbit RW = P1^1;
  10          sbit EN = P1^4;
  11          
  12          void Delay15ms()    //@11.0592MHz
  13          {
  14   1        unsigned char i, j;
  15   1      
  16   1        i = 27;
  17   1        j = 226;
  18   1        do
  19   1        {
  20   2          while (--j);
  21   2        } while (--i);
  22   1      }
  23          
  24          void Delay5ms()   //@11.0592MHz
  25          {
  26   1        unsigned char i, j;
  27   1      
  28   1        i = 9;
  29   1        j = 244;
  30   1        do
  31   1        {
  32   2          while (--j);
  33   2        } while (--i);
  34   1      }
  35          
  36          // 忙检测
  37          void busy_check() {
  38   1        char temp = 0x80;
  39   1        P0 = 0X80;
  40   1        while(temp & 0x80) {
  41   2          RS = 0;
  42   2          RW = 1;
  43   2          EN = 0;
  44   2          _nop_(); // tscp
  45   2          EN = 1;
  46   2          _nop_(); // td
  47   2          temp = P0;
  48   2          EN = 0;
  49   2        }
  50   1      }
  51          
  52          void write_cmd(char cmd) {
  53   1        busy_check();
  54   1        RS = 0; // 写地址
  55   1        RW = 0;
C51 COMPILER V9.52.0.0   MAIN                                                              09/03/2023 18:24:44 PAGE 2   

  56   1        EN = 0;
  57   1        P0 = cmd;
  58   1        _nop_();
  59   1        _nop_();
  60   1        _nop_();
  61   1        EN = 1;
  62   1        _nop_();
  63   1        EN = 0;
  64   1      }
  65          
  66          void write_data(char d) {
  67   1        busy_check();
  68   1        RS = 1;
  69   1        RW = 0;
  70   1        EN = 0;
  71   1        P0 = d;
  72   1        _nop_();
  73   1        EN = 1;
  74   1        _nop_();
  75   1        _nop_();
  76   1        _nop_();
  77   1        EN = 0;
  78   1      }
  79          
  80          void init() {
  81   1        
  82   1        
  83   1        Delay15ms();
  84   1        write_cmd(0x38);
  85   1        Delay5ms();
  86   1        write_cmd(0x38);
  87   1        write_cmd(0x08);
  88   1        write_cmd(0x01);
  89   1        write_cmd(0x06);
  90   1        write_cmd(0x0c);
  91   1      }
  92          
  93          void Delay1000ms()    //@11.0592MHz
  94          {
  95   1        unsigned char i, j, k;
  96   1      
  97   1        _nop_();
  98   1        i = 8;
  99   1        j = 1;
 100   1        k = 243;
 101   1        do
 102   1        {
 103   2          do
 104   2          {
 105   3            while (--k);
 106   3          } while (--j);
 107   2        } while (--i);
 108   1      }
 109          
 110          
 111          
 112          void main() {
 113   1        char temp[] = "hello everyone!"; 
 114   1        char position = 0x80;
 115   1        char dataShow = 'C';
 116   1        int i = 0;
 117   1        init();
C51 COMPILER V9.52.0.0   MAIN                                                              09/03/2023 18:24:44 PAGE 3   

 118   1        write_cmd(position);//选择要显示的地址
 119   1        for(i = 0; i < 15;i ++) {
 120   2          write_data(temp[i]);
 121   2          Delay1000ms();
 122   2          
 123   2        }
 124   1        //write_data(dataShow);//发送要显示的字符
 125   1        while(1);
 126   1      }


MODULE INFORMATION:   STATIC OVERLAYABLE
   CODE SIZE        =    198    ----
   CONSTANT SIZE    =     16    ----
   XDATA SIZE       =   ----    ----
   PDATA SIZE       =   ----    ----
   DATA SIZE        =   ----      17
   IDATA SIZE       =   ----    ----
   BIT SIZE         =   ----    ----
END OF MODULE INFORMATION.


C51 COMPILATION COMPLETE.  0 WARNING(S),  0 ERROR(S)
