C51 COMPILER V9.52.0.0   TIMER                                                             09/06/2023 23:24:46 PAGE 1   


C51 COMPILER V9.52.0.0, COMPILATION OF MODULE TIMER
OBJECT MODULE PLACED IN timer.OBJ
COMPILER INVOKED BY: D:\Program Files (x86)\keilc51\C51\BIN\C51.EXE timer.c BROWSE DEBUG OBJECTEXTEND TABS(2)

line level    source

   1          #include "reg52.h"
   2          #include "timer.h"
   3          #include "motor.h"
   4          
   5          int leftSpeed = Phase;
   6          int timer0Cnt = 0;
   7          
   8          int rightSpeed = Phase;
   9          int timer1Cnt = 0;
  10          
  11          void timer0Init() {
  12   1        TMOD &= 0XF0;
  13   1        TMOD |= 0X01;
  14   1        TL0 = 0X33;
  15   1        TH0 = 0XFE;
  16   1        TR0 = 1;
  17   1        ET0 = 1;
  18   1        EA = 1;
  19   1      }
  20          
  21          void timer1Init() {
  22   1        TMOD &= 0X0F;
  23   1        TMOD |= 0X10;
  24   1        TL1 = 0X33;
  25   1        TH1 = 0XFE;
  26   1        TR1 = 1;
  27   1        ET1 = 1;
  28   1        EA = 1;
  29   1      }
  30          
  31          void timer0_pwm() interrupt 1 {
  32   1        timer0Cnt ++;
  33   1        TL0 = 0X33;
  34   1        TH0 = 0XFE;
  35   1        if (timer0Cnt < leftSpeed) {
  36   2          leftForward();
  37   2        } else {
  38   2          leftStop();
  39   2        }
  40   1        if (timer0Cnt == Phase) {
  41   2          timer0Cnt = 0;
  42   2        }
  43   1      }
  44          
  45          void timer1_pwm() interrupt 3 {
  46   1        timer1Cnt ++;
  47   1        TL1 = 0X33;
  48   1        TH1 = 0XFE;
  49   1        if (timer1Cnt < rightSpeed) {
  50   2          rightForward();
  51   2        } else {
  52   2          rightStop();
  53   2        }
  54   1        if (timer1Cnt == Phase) {
  55   2          timer1Cnt = 0;
C51 COMPILER V9.52.0.0   TIMER                                                             09/06/2023 23:24:46 PAGE 2   

  56   2        }
  57   1      }


MODULE INFORMATION:   STATIC OVERLAYABLE
   CODE SIZE        =    252    ----
   CONSTANT SIZE    =   ----    ----
   XDATA SIZE       =   ----    ----
   PDATA SIZE       =   ----    ----
   DATA SIZE        =      8    ----
   IDATA SIZE       =   ----    ----
   BIT SIZE         =   ----    ----
END OF MODULE INFORMATION.


C51 COMPILATION COMPLETE.  0 WARNING(S),  0 ERROR(S)
